{"C:\\Users\\banci\\OneDrive\\Documents\\SchoolOfCode\\letsgo\\Week6\\Day4\\bc13_w6d4_workshop_make-your-own-codewars-l-c\\main.js": {"path":"C:\\Users\\banci\\OneDrive\\Documents\\SchoolOfCode\\letsgo\\Week6\\Day4\\bc13_w6d4_workshop_make-your-own-codewars-l-c\\main.js","statementMap":{},"fnMap":{"0":{"name":"firstTest","decl":{"start":{"line":12,"column":16},"end":{"line":12,"column":25}},"loc":{"start":{"line":12,"column":37},"end":{"line":14,"column":1}},"line":12}},"branchMap":{},"s":{},"f":{"0":5},"b":{},"_coverageSchema":"1a1c01bbd47fc00a2c39e90264f33305004495a9","hash":"699c201d741d31baed782233e9968c5dd1b6d2e8"}
}
